<?xml version="1.0" encoding="UTF-8"?>
<testng-results skipped="0" failed="0" ignored="0" total="1" passed="1">
  <reporter-output>
  </reporter-output>
  <suite name="Default suite" duration-ms="44" started-at="2020-07-22T22:48:26 EDT" finished-at="2020-07-22T22:48:26 EDT">
    <groups>
    </groups>
    <test name="Default test" duration-ms="44" started-at="2020-07-22T22:48:26 EDT" finished-at="2020-07-22T22:48:26 EDT">
      <class name="HRM.AccountLogin.LoginPageObjects">
        <test-method status="PASS" signature="login()[pri:0, instance:HRM.AccountLogin.LoginPageObjects@5b87ed94]" name="login" duration-ms="8" started-at="2020-07-22T22:48:26 EDT" finished-at="2020-07-22T22:48:26 EDT">
          <reporter-output>
          </reporter-output>
        </test-method> <!-- login -->
      </class> <!-- HRM.AccountLogin.LoginPageObjects -->
    </test> <!-- Default test -->
  </suite> <!-- Default suite -->
</testng-results>
